# JRE version: OpenJDK Runtime Environment (11.0.6+10) (build 11.0.6+10)
# Java VM: OpenJDK 64-Bit Server VM (11.0.6+10, mixed mode, tiered, compressed oops, g1 gc, linux-amd64)
Heap:
 garbage-first heap   total 402432K, used 203720K [0x0000000086600000, 0x0000000100000000)
  region size 1024K, 18 young (18432K), 0 survivors (0K)
 Metaspace       used 32319K, capacity 33020K, committed 33536K, reserved 1079296K
  class space    used 3169K, capacity 3485K, committed 3584K, reserved 1048576K
GC Heap History (20 events):
Event: 66,041 GC heap before
{Heap before GC invocations=88 (full 2):
 garbage-first heap   total 354304K, used 337063K [0x0000000086600000, 0x0000000100000000)
  region size 1024K, 198 young (202752K), 26 survivors (26624K)
 Metaspace       used 32192K, capacity 32890K, committed 33536K, reserved 1079296K
  class space    used 3167K, capacity 3485K, committed 3584K, reserved 1048576K
}
Event: 66,059 GC heap after
{Heap after GC invocations=89 (full 2):
 garbage-first heap   total 374784K, used 140446K [0x0000000086600000, 0x0000000100000000)
  region size 1024K, 17 young (17408K), 17 survivors (17408K)
 Metaspace       used 32192K, capacity 32890K, committed 33536K, reserved 1079296K
  class space    used 3167K, capacity 3485K, committed 3584K, reserved 1048576K
}
Event: 66,319 GC heap before
{Heap before GC invocations=89 (full 2):
 garbage-first heap   total 374784K, used 225438K [0x0000000086600000, 0x0000000100000000)
  region size 1024K, 59 young (60416K), 17 survivors (17408K)
 Metaspace       used 32193K, capacity 32890K, committed 33536K, reserved 1079296K
  class space    used 3167K, capacity 3485K, committed 3584K, reserved 1048576K
}
Event: 66,326 GC heap after
{Heap after GC invocations=90 (full 2):
 garbage-first heap   total 374784K, used 145864K [0x0000000086600000, 0x0000000100000000)
  region size 1024K, 7 young (7168K), 7 survivors (7168K)
 Metaspace       used 32193K, capacity 32890K, committed 33536K, reserved 1079296K
  class space    used 3167K, capacity 3485K, committed 3584K, reserved 1048576K
}
Event: 66,509 GC heap before
{Heap before GC invocations=91 (full 2):
 garbage-first heap   total 374784K, used 210376K [0x0000000086600000, 0x0000000100000000)
  region size 1024K, 33 young (33792K), 7 survivors (7168K)
 Metaspace       used 32195K, capacity 32890K, committed 33536K, reserved 1079296K
  class space    used 3167K, capacity 3485K, committed 3584K, reserved 1048576K
}
Event: 66,513 GC heap after
{Heap after GC invocations=92 (full 2):
 garbage-first heap   total 374784K, used 140147K [0x0000000086600000, 0x0000000100000000)
  region size 1024K, 7 young (7168K), 7 survivors (7168K)
 Metaspace       used 32195K, capacity 32890K, committed 33536K, reserved 1079296K
  class space    used 3167K, capacity 3485K, committed 3584K, reserved 1048576K
}
Event: 66,648 GC heap before
{Heap before GC invocations=93 (full 2):
 garbage-first heap   total 374784K, used 227187K [0x0000000086600000, 0x0000000100000000)
  region size 1024K, 42 young (43008K), 7 survivors (7168K)
 Metaspace       used 32208K, capacity 32891K, committed 33536K, reserved 1079296K
  class space    used 3167K, capacity 3485K, committed 3584K, reserved 1048576K
}
Event: 66,652 GC heap after
{Heap after GC invocations=94 (full 2):
 garbage-first heap   total 374784K, used 140707K [0x0000000086600000, 0x0000000100000000)
  region size 1024K, 7 young (7168K), 7 survivors (7168K)
 Metaspace       used 32208K, capacity 32891K, committed 33536K, reserved 1079296K
  class space    used 3167K, capacity 3485K, committed 3584K, reserved 1048576K
}
Event: 87,069 GC heap before
{Heap before GC invocations=95 (full 2):
 garbage-first heap   total 374784K, used 332195K [0x0000000086600000, 0x0000000100000000)
  region size 1024K, 175 young (179200K), 7 survivors (7168K)
 Metaspace       used 32311K, capacity 33020K, committed 33536K, reserved 1079296K
  class space    used 3169K, capacity 3485K, committed 3584K, reserved 1048576K
}
Event: 87,086 GC heap after
{Heap after GC invocations=96 (full 2):
 garbage-first heap   total 374784K, used 162872K [0x0000000086600000, 0x0000000100000000)
  region size 1024K, 16 young (16384K), 16 survivors (16384K)
 Metaspace       used 32311K, capacity 33020K, committed 33536K, reserved 1079296K
  class space    used 3169K, capacity 3485K, committed 3584K, reserved 1048576K
}
Event: 87,882 GC heap before
{Heap before GC invocations=96 (full 2):
 garbage-first heap   total 374784K, used 246840K [0x0000000086600000, 0x0000000100000000)
  region size 1024K, 82 young (83968K), 16 survivors (16384K)
 Metaspace       used 32311K, capacity 33020K, committed 33536K, reserved 1079296K
  class space    used 3169K, capacity 3485K, committed 3584K, reserved 1048576K
}
Event: 87,893 GC heap after
{Heap after GC invocations=97 (full 2):
 garbage-first heap   total 374784K, used 164434K [0x0000000086600000, 0x0000000100000000)
  region size 1024K, 8 young (8192K), 8 survivors (8192K)
 Metaspace       used 32311K, capacity 33020K, committed 33536K, reserved 1079296K
  class space    used 3169K, capacity 3485K, committed 3584K, reserved 1048576K
}
Event: 87,985 GC heap before
{Heap before GC invocations=98 (full 2):
 garbage-first heap   total 374784K, used 179794K [0x0000000086600000, 0x0000000100000000)
  region size 1024K, 16 young (16384K), 8 survivors (8192K)
 Metaspace       used 32315K, capacity 33020K, committed 33536K, reserved 1079296K
  class space    used 3169K, capacity 3485K, committed 3584K, reserved 1048576K
}
Event: 87,991 GC heap after
{Heap after GC invocations=99 (full 2):
 garbage-first heap   total 374784K, used 176239K [0x0000000086600000, 0x0000000100000000)
  region size 1024K, 4 young (4096K), 4 survivors (4096K)
 Metaspace       used 32315K, capacity 33020K, committed 33536K, reserved 1079296K
  class space    used 3169K, capacity 3485K, committed 3584K, reserved 1048576K
}
Event: 88,697 GC heap before
{Heap before GC invocations=100 (full 2):
 garbage-first heap   total 392192K, used 376943K [0x0000000086600000, 0x0000000100000000)
  region size 1024K, 104 young (106496K), 4 survivors (4096K)
 Metaspace       used 32319K, capacity 33020K, committed 33536K, reserved 1079296K
  class space    used 3169K, capacity 3485K, committed 3584K, reserved 1048576K
}
Event: 88,705 GC heap after
{Heap after GC invocations=101 (full 2):
 garbage-first heap   total 402432K, used 170935K [0x0000000086600000, 0x0000000100000000)
  region size 1024K, 13 young (13312K), 13 survivors (13312K)
 Metaspace       used 32319K, capacity 33020K, committed 33536K, reserved 1079296K
  class space    used 3169K, capacity 3485K, committed 3584K, reserved 1048576K
}
Event: 88,708 GC heap before
{Heap before GC invocations=101 (full 2):
 garbage-first heap   total 402432K, used 182199K [0x0000000086600000, 0x0000000100000000)
  region size 1024K, 19 young (19456K), 13 survivors (13312K)
 Metaspace       used 32319K, capacity 33020K, committed 33536K, reserved 1079296K
  class space    used 3169K, capacity 3485K, committed 3584K, reserved 1048576K
}
Event: 88,712 GC heap after
{Heap after GC invocations=102 (full 2):
 garbage-first heap   total 402432K, used 164172K [0x0000000086600000, 0x0000000100000000)
  region size 1024K, 1 young (1024K), 1 survivors (1024K)
 Metaspace       used 32319K, capacity 33020K, committed 33536K, reserved 1079296K
  class space    used 3169K, capacity 3485K, committed 3584K, reserved 1048576K
}
Event: 88,720 GC heap before
{Heap before GC invocations=102 (full 2):
 garbage-first heap   total 402432K, used 186700K [0x0000000086600000, 0x0000000100000000)
  region size 1024K, 12 young (12288K), 1 survivors (1024K)
 Metaspace       used 32319K, capacity 33020K, committed 33536K, reserved 1079296K
  class space    used 3169K, capacity 3485K, committed 3584K, reserved 1048576K
}
Event: 88,721 GC heap after
{Heap after GC invocations=103 (full 2):
 garbage-first heap   total 402432K, used 160712K [0x0000000086600000, 0x0000000100000000)
  region size 1024K, 0 young (0K), 0 survivors (0K)
 Metaspace       used 32319K, capacity 33020K, committed 33536K, reserved 1079296K
  class space    used 3169K, capacity 3485K, committed 3584K, reserved 1048576K
}

