# JRE version: OpenJDK Runtime Environment (11.0.6+10) (build 11.0.6+10)
# Java VM: OpenJDK 64-Bit Server VM (11.0.6+10, mixed mode, tiered, compressed oops, g1 gc, linux-amd64)
Heap:
 garbage-first heap   total 290816K, used 180353K [0x0000000086600000, 0x0000000100000000)
  region size 1024K, 42 young (43008K), 1 survivors (1024K)
 Metaspace       used 32345K, capacity 33020K, committed 33536K, reserved 1079296K
  class space    used 3176K, capacity 3485K, committed 3584K, reserved 1048576K
GC Heap History (20 events):
Event: 66,212 GC heap before
{Heap before GC invocations=95 (full 2):
 garbage-first heap   total 290816K, used 242792K [0x0000000086600000, 0x0000000100000000)
  region size 1024K, 106 young (108544K), 1 survivors (1024K)
 Metaspace       used 32307K, capacity 32956K, committed 33536K, reserved 1079296K
  class space    used 3176K, capacity 3485K, committed 3584K, reserved 1048576K
}
Event: 66,229 GC heap after
{Heap after GC invocations=96 (full 2):
 garbage-first heap   total 290816K, used 140697K [0x0000000086600000, 0x0000000100000000)
  region size 1024K, 10 young (10240K), 10 survivors (10240K)
 Metaspace       used 32307K, capacity 32956K, committed 33536K, reserved 1079296K
  class space    used 3176K, capacity 3485K, committed 3584K, reserved 1048576K
}
Event: 74,235 GC heap before
{Heap before GC invocations=96 (full 2):
 garbage-first heap   total 290816K, used 190873K [0x0000000086600000, 0x0000000100000000)
  region size 1024K, 60 young (61440K), 10 survivors (10240K)
 Metaspace       used 32324K, capacity 32956K, committed 33536K, reserved 1079296K
  class space    used 3176K, capacity 3485K, committed 3584K, reserved 1048576K
}
Event: 74,264 GC heap after
{Heap after GC invocations=97 (full 2):
 garbage-first heap   total 290816K, used 138609K [0x0000000086600000, 0x0000000100000000)
  region size 1024K, 7 young (7168K), 7 survivors (7168K)
 Metaspace       used 32324K, capacity 32956K, committed 33536K, reserved 1079296K
  class space    used 3176K, capacity 3485K, committed 3584K, reserved 1048576K
}
Event: 79,203 GC heap before
{Heap before GC invocations=98 (full 2):
 garbage-first heap   total 290816K, used 150897K [0x0000000086600000, 0x0000000100000000)
  region size 1024K, 19 young (19456K), 7 survivors (7168K)
 Metaspace       used 32334K, capacity 33020K, committed 33536K, reserved 1079296K
  class space    used 3176K, capacity 3485K, committed 3584K, reserved 1048576K
}
Event: 79,207 GC heap after
{Heap after GC invocations=99 (full 2):
 garbage-first heap   total 290816K, used 132692K [0x0000000086600000, 0x0000000100000000)
  region size 1024K, 2 young (2048K), 2 survivors (2048K)
 Metaspace       used 32334K, capacity 33020K, committed 33536K, reserved 1079296K
  class space    used 3176K, capacity 3485K, committed 3584K, reserved 1048576K
}
Event: 80,262 GC heap before
{Heap before GC invocations=100 (full 2):
 garbage-first heap   total 290816K, used 215636K [0x0000000086600000, 0x0000000100000000)
  region size 1024K, 107 young (109568K), 2 survivors (2048K)
 Metaspace       used 32334K, capacity 33020K, committed 33536K, reserved 1079296K
  class space    used 3176K, capacity 3485K, committed 3584K, reserved 1048576K
}
Event: 80,266 GC heap after
{Heap after GC invocations=101 (full 2):
 garbage-first heap   total 290816K, used 107267K [0x0000000086600000, 0x0000000100000000)
  region size 1024K, 1 young (1024K), 1 survivors (1024K)
 Metaspace       used 32334K, capacity 33020K, committed 33536K, reserved 1079296K
  class space    used 3176K, capacity 3485K, committed 3584K, reserved 1048576K
}
Event: 80,395 GC heap before
{Heap before GC invocations=101 (full 2):
 garbage-first heap   total 290816K, used 120579K [0x0000000086600000, 0x0000000100000000)
  region size 1024K, 14 young (14336K), 1 survivors (1024K)
 Metaspace       used 32334K, capacity 33020K, committed 33536K, reserved 1079296K
  class space    used 3176K, capacity 3485K, committed 3584K, reserved 1048576K
}
Event: 80,397 GC heap after
{Heap after GC invocations=102 (full 2):
 garbage-first heap   total 290816K, used 96084K [0x0000000086600000, 0x0000000100000000)
  region size 1024K, 1 young (1024K), 1 survivors (1024K)
 Metaspace       used 32334K, capacity 33020K, committed 33536K, reserved 1079296K
  class space    used 3176K, capacity 3485K, committed 3584K, reserved 1048576K
}
Event: 80,813 GC heap before
{Heap before GC invocations=102 (full 2):
 garbage-first heap   total 290816K, used 151380K [0x0000000086600000, 0x0000000100000000)
  region size 1024K, 27 young (27648K), 1 survivors (1024K)
 Metaspace       used 32334K, capacity 33020K, committed 33536K, reserved 1079296K
  class space    used 3176K, capacity 3485K, committed 3584K, reserved 1048576K
}
Event: 80,816 GC heap after
{Heap after GC invocations=103 (full 2):
 garbage-first heap   total 290816K, used 110145K [0x0000000086600000, 0x0000000100000000)
  region size 1024K, 6 young (6144K), 6 survivors (6144K)
 Metaspace       used 32334K, capacity 33020K, committed 33536K, reserved 1079296K
  class space    used 3176K, capacity 3485K, committed 3584K, reserved 1048576K
}
Event: 81,113 GC heap before
{Heap before GC invocations=104 (full 2):
 garbage-first heap   total 290816K, used 159297K [0x0000000086600000, 0x0000000100000000)
  region size 1024K, 33 young (33792K), 6 survivors (6144K)
 Metaspace       used 32334K, capacity 33020K, committed 33536K, reserved 1079296K
  class space    used 3176K, capacity 3485K, committed 3584K, reserved 1048576K
}
Event: 81,119 GC heap after
{Heap after GC invocations=105 (full 2):
 garbage-first heap   total 290816K, used 127493K [0x0000000086600000, 0x0000000100000000)
  region size 1024K, 13 young (13312K), 13 survivors (13312K)
 Metaspace       used 32334K, capacity 33020K, committed 33536K, reserved 1079296K
  class space    used 3176K, capacity 3485K, committed 3584K, reserved 1048576K
}
Event: 81,326 GC heap before
{Heap before GC invocations=106 (full 2):
 garbage-first heap   total 290816K, used 171525K [0x0000000086600000, 0x0000000100000000)
  region size 1024K, 45 young (46080K), 13 survivors (13312K)
 Metaspace       used 32334K, capacity 33020K, committed 33536K, reserved 1079296K
  class space    used 3176K, capacity 3485K, committed 3584K, reserved 1048576K
}
Event: 81,333 GC heap after
{Heap after GC invocations=107 (full 2):
 garbage-first heap   total 290816K, used 118011K [0x0000000086600000, 0x0000000100000000)
  region size 1024K, 6 young (6144K), 6 survivors (6144K)
 Metaspace       used 32334K, capacity 33020K, committed 33536K, reserved 1079296K
  class space    used 3176K, capacity 3485K, committed 3584K, reserved 1048576K
}
Event: 81,482 GC heap before
{Heap before GC invocations=108 (full 2):
 garbage-first heap   total 290816K, used 222459K [0x0000000086600000, 0x0000000100000000)
  region size 1024K, 41 young (41984K), 6 survivors (6144K)
 Metaspace       used 32334K, capacity 33020K, committed 33536K, reserved 1079296K
  class space    used 3176K, capacity 3485K, committed 3584K, reserved 1048576K
}
Event: 81,486 GC heap after
{Heap after GC invocations=109 (full 2):
 garbage-first heap   total 290816K, used 135873K [0x0000000086600000, 0x0000000100000000)
  region size 1024K, 1 young (1024K), 1 survivors (1024K)
 Metaspace       used 32334K, capacity 33020K, committed 33536K, reserved 1079296K
  class space    used 3176K, capacity 3485K, committed 3584K, reserved 1048576K
}
Event: 81,606 GC heap before
{Heap before GC invocations=110 (full 2):
 garbage-first heap   total 290816K, used 222913K [0x0000000086600000, 0x0000000100000000)
  region size 1024K, 36 young (36864K), 1 survivors (1024K)
 Metaspace       used 32343K, capacity 33020K, committed 33536K, reserved 1079296K
  class space    used 3176K, capacity 3485K, committed 3584K, reserved 1048576K
}
Event: 81,607 GC heap after
{Heap after GC invocations=111 (full 2):
 garbage-first heap   total 290816K, used 135297K [0x0000000086600000, 0x0000000100000000)
  region size 1024K, 1 young (1024K), 1 survivors (1024K)
 Metaspace       used 32343K, capacity 33020K, committed 33536K, reserved 1079296K
  class space    used 3176K, capacity 3485K, committed 3584K, reserved 1048576K
}

